# JRE version: Java(TM) SE Runtime Environment (8.0_131-b11) (build 1.8.0_131-b11)
# Java VM: Java HotSpot(TM) 64-Bit Server VM (25.131-b11 mixed mode windows-amd64 compressed oops)
Heap:
 PSYoungGen      total 104960K, used 87436K [0x000000076bd80000, 0x0000000774e80000, 0x00000007c0000000)
  eden space 97280K, 82% used [0x000000076bd80000,0x0000000770bd8148,0x0000000771c80000)
  from space 7680K, 93% used [0x0000000774700000,0x0000000774e0aee0,0x0000000774e80000)
  to   space 10752K, 0% used [0x0000000773980000,0x0000000773980000,0x0000000774400000)
 ParOldGen       total 105984K, used 9345K [0x00000006c3800000, 0x00000006c9f80000, 0x000000076bd80000)
  object space 105984K, 8% used [0x00000006c3800000,0x00000006c4120728,0x00000006c9f80000)
 Metaspace       used 29548K, capacity 31224K, committed 31408K, reserved 1077248K
  class space    used 3939K, capacity 4260K, committed 4272K, reserved 1048576K
GC Heap History (10 events):
Event: 1.245 GC heap before
{Heap before GC invocations=1 (full 0):
 PSYoungGen      total 75776K, used 65024K [0x000000076bd80000, 0x0000000771200000, 0x00000007c0000000)
  eden space 65024K, 100% used [0x000000076bd80000,0x000000076fd00000,0x000000076fd00000)
  from space 10752K, 0% used [0x0000000770780000,0x0000000770780000,0x0000000771200000)
  to   space 10752K, 0% used [0x000000076fd00000,0x000000076fd00000,0x0000000770780000)
 ParOldGen       total 173568K, used 0K [0x00000006c3800000, 0x00000006ce180000, 0x000000076bd80000)
  object space 173568K, 0% used [0x00000006c3800000,0x00000006c3800000,0x00000006ce180000)
 Metaspace       used 14116K, capacity 14612K, committed 14848K, reserved 1062912K
  class space    used 1823K, capacity 1940K, committed 2048K, reserved 1048576K
Event: 1.253 GC heap after
Heap after GC invocations=1 (full 0):
 PSYoungGen      total 75776K, used 7922K [0x000000076bd80000, 0x0000000771200000, 0x00000007c0000000)
  eden space 65024K, 0% used [0x000000076bd80000,0x000000076bd80000,0x000000076fd00000)
  from space 10752K, 73% used [0x000000076fd00000,0x00000007704bc9a8,0x0000000770780000)
  to   space 10752K, 0% used [0x0000000770780000,0x0000000770780000,0x0000000771200000)
 ParOldGen       total 173568K, used 16K [0x00000006c3800000, 0x00000006ce180000, 0x000000076bd80000)
  object space 173568K, 0% used [0x00000006c3800000,0x00000006c3804000,0x00000006ce180000)
 Metaspace       used 14116K, capacity 14612K, committed 14848K, reserved 1062912K
  class space    used 1823K, capacity 1940K, committed 2048K, reserved 1048576K
}
Event: 1.629 GC heap before
{Heap before GC invocations=2 (full 0):
 PSYoungGen      total 75776K, used 72946K [0x000000076bd80000, 0x0000000771200000, 0x00000007c0000000)
  eden space 65024K, 100% used [0x000000076bd80000,0x000000076fd00000,0x000000076fd00000)
  from space 10752K, 73% used [0x000000076fd00000,0x00000007704bc9a8,0x0000000770780000)
  to   space 10752K, 0% used [0x0000000770780000,0x0000000770780000,0x0000000771200000)
 ParOldGen       total 173568K, used 16K [0x00000006c3800000, 0x00000006ce180000, 0x000000076bd80000)
  object space 173568K, 0% used [0x00000006c3800000,0x00000006c3804000,0x00000006ce180000)
 Metaspace       used 19199K, capacity 19898K, committed 20096K, reserved 1067008K
  class space    used 2488K, capacity 2671K, committed 2688K, reserved 1048576K
Event: 1.637 GC heap after
Heap after GC invocations=2 (full 0):
 PSYoungGen      total 75776K, used 10748K [0x000000076bd80000, 0x0000000775180000, 0x00000007c0000000)
  eden space 65024K, 0% used [0x000000076bd80000,0x000000076bd80000,0x000000076fd00000)
  from space 10752K, 99% used [0x0000000770780000,0x00000007711ff398,0x0000000771200000)
  to   space 10752K, 0% used [0x000000076fd00000,0x000000076fd00000,0x0000000770780000)
 ParOldGen       total 173568K, used 351K [0x00000006c3800000, 0x00000006ce180000, 0x000000076bd80000)
  object space 173568K, 0% used [0x00000006c3800000,0x00000006c3857d40,0x00000006ce180000)
 Metaspace       used 19199K, capacity 19898K, committed 20096K, reserved 1067008K
  class space    used 2488K, capacity 2671K, committed 2688K, reserved 1048576K
}
Event: 1.813 GC heap before
{Heap before GC invocations=3 (full 0):
 PSYoungGen      total 75776K, used 44157K [0x000000076bd80000, 0x0000000775180000, 0x00000007c0000000)
  eden space 65024K, 51% used [0x000000076bd80000,0x000000076de20340,0x000000076fd00000)
  from space 10752K, 99% used [0x0000000770780000,0x00000007711ff398,0x0000000771200000)
  to   space 10752K, 0% used [0x000000076fd00000,0x000000076fd00000,0x0000000770780000)
 ParOldGen       total 173568K, used 351K [0x00000006c3800000, 0x00000006ce180000, 0x000000076bd80000)
  object space 173568K, 0% used [0x00000006c3800000,0x00000006c3857d40,0x00000006ce180000)
 Metaspace       used 20480K, capacity 21248K, committed 21296K, reserved 1067008K
  class space    used 2663K, capacity 2834K, committed 2864K, reserved 1048576K
Event: 1.819 GC heap after
Heap after GC invocations=3 (full 0):
 PSYoungGen      total 75776K, used 9589K [0x000000076bd80000, 0x0000000775180000, 0x00000007c0000000)
  eden space 65024K, 0% used [0x000000076bd80000,0x000000076bd80000,0x000000076fd00000)
  from space 10752K, 89% used [0x000000076fd00000,0x000000077065d4b0,0x0000000770780000)
  to   space 10752K, 0% used [0x0000000774700000,0x0000000774700000,0x0000000775180000)
 ParOldGen       total 173568K, used 359K [0x00000006c3800000, 0x00000006ce180000, 0x000000076bd80000)
  object space 173568K, 0% used [0x00000006c3800000,0x00000006c3859d40,0x00000006ce180000)
 Metaspace       used 20480K, capacity 21248K, committed 21296K, reserved 1067008K
  class space    used 2663K, capacity 2834K, committed 2864K, reserved 1048576K
}
Event: 1.819 GC heap before
{Heap before GC invocations=4 (full 1):
 PSYoungGen      total 75776K, used 9589K [0x000000076bd80000, 0x0000000775180000, 0x00000007c0000000)
  eden space 65024K, 0% used [0x000000076bd80000,0x000000076bd80000,0x000000076fd00000)
  from space 10752K, 89% used [0x000000076fd00000,0x000000077065d4b0,0x0000000770780000)
  to   space 10752K, 0% used [0x0000000774700000,0x0000000774700000,0x0000000775180000)
 ParOldGen       total 173568K, used 359K [0x00000006c3800000, 0x00000006ce180000, 0x000000076bd80000)
  object space 173568K, 0% used [0x00000006c3800000,0x00000006c3859d40,0x00000006ce180000)
 Metaspace       used 20480K, capacity 21248K, committed 21296K, reserved 1067008K
  class space    used 2663K, capacity 2834K, committed 2864K, reserved 1048576K
Event: 1.851 GC heap after
Heap after GC invocations=4 (full 1):
 PSYoungGen      total 75776K, used 0K [0x000000076bd80000, 0x0000000775180000, 0x00000007c0000000)
  eden space 65024K, 0% used [0x000000076bd80000,0x000000076bd80000,0x000000076fd00000)
  from space 10752K, 0% used [0x000000076fd00000,0x000000076fd00000,0x0000000770780000)
  to   space 10752K, 0% used [0x0000000774700000,0x0000000774700000,0x0000000775180000)
 ParOldGen       total 105984K, used 9337K [0x00000006c3800000, 0x00000006c9f80000, 0x000000076bd80000)
  object space 105984K, 8% used [0x00000006c3800000,0x00000006c411e728,0x00000006c9f80000)
 Metaspace       used 20480K, capacity 21248K, committed 21296K, reserved 1067008K
  class space    used 2663K, capacity 2834K, committed 2864K, reserved 1048576K
}
Event: 2.259 GC heap before
{Heap before GC invocations=5 (full 1):
 PSYoungGen      total 75776K, used 65024K [0x000000076bd80000, 0x0000000775180000, 0x00000007c0000000)
  eden space 65024K, 100% used [0x000000076bd80000,0x000000076fd00000,0x000000076fd00000)
  from space 10752K, 0% used [0x000000076fd00000,0x000000076fd00000,0x0000000770780000)
  to   space 10752K, 0% used [0x0000000774700000,0x0000000774700000,0x0000000775180000)
 ParOldGen       total 105984K, used 9337K [0x00000006c3800000, 0x00000006c9f80000, 0x000000076bd80000)
  object space 105984K, 8% used [0x00000006c3800000,0x00000006c411e728,0x00000006c9f80000)
 Metaspace       used 24414K, capacity 25540K, committed 25776K, reserved 1071104K
  class space    used 3227K, capacity 3476K, committed 3504K, reserved 1048576K
Event: 2.263 GC heap after
Heap after GC invocations=5 (full 1):
 PSYoungGen      total 104960K, used 7211K [0x000000076bd80000, 0x0000000774e80000, 0x00000007c0000000)
  eden space 97280K, 0% used [0x000000076bd80000,0x000000076bd80000,0x0000000771c80000)
  from space 7680K, 93% used [0x0000000774700000,0x0000000774e0aee0,0x0000000774e80000)
  to   space 10752K, 0% used [0x0000000773980000,0x0000000773980000,0x0000000774400000)
 ParOldGen       total 105984K, used 9345K [0x00000006c3800000, 0x00000006c9f80000, 0x000000076bd80000)
  object space 105984K, 8% used [0x00000006c3800000,0x00000006c4120728,0x00000006c9f80000)
 Metaspace       used 24414K, capacity 25540K, committed 25776K, reserved 1071104K
  class space    used 3227K, capacity 3476K, committed 3504K, reserved 1048576K
}

